<?xml version="1.0" encoding="UTF-8"?>
<testsuite xmlns:xsi="http://www.w3.org/2001/XMLSchema-instance" xsi:noNamespaceSchemaLocation="https://maven.apache.org/surefire/maven-surefire-plugin/xsd/surefire-test-report-3.0.xsd" version="3.0" name="com.salesmanager.controller.ProductBarcodeControllerTest" time="25.94" tests="2" errors="0" skipped="0" failures="0">
  <properties>
[...]
</properties>
  <testcase name="findByBarcode_returnsApiResponseWithProductDto" classname="com.salesmanager.controller.ProductBarcodeControllerTest" time="1.733">
    <system-out><![CDATA[18:08:05.247 [main] INFO org.springframework.test.context.support.AnnotationConfigContextLoaderUtils -- Could not detect default configuration classes for test class [com.salesmanager.controller.ProductBarcodeControllerTest]: ProductBarcodeControllerTest does not declare any static, non-private, non-final, nested classes annotated with @Configuration.
18:08:05.684 [main] INFO org.springframework.boot.test.context.SpringBootTestContextBootstrapper -- Found @SpringBootConfiguration com.salesmanager.SalesManagerApplication for test class com.salesmanager.controller.ProductBarcodeControllerTest

  .   ____          _            __ _ _
 /\\ / ___'_ __ _ _(_)_ __  __ _ \ \ \ \
( ( )\___ | '_ | '_| | '_ \/ _` | \ \ \ \
 \\/  ___)| |_)| | | | | || (_| |  ) ) ) )
  '  |____| .__|_| |_|_| |_\__, | / / / /
 =========|_|==============|___/=/_/_/_/
 :: Spring Boot ::                (v3.2.0)

2026-05-23 18:08:07 - Starting ProductBarcodeControllerTest using Java 17.0.10 with PID 53576 (started by epifa in C:\Users\epifa\cursor-workspace\expiryReminder\backend)
2026-05-23 18:08:07 - Running with Spring Boot v3.2.0, Spring v6.1.1
2026-05-23 18:08:07 - The following 1 profile is active: "test"
2026-05-23 18:08:09 - Bootstrapping Spring Data JPA repositories in DEFAULT mode.
2026-05-23 18:08:09 - Finished Spring Data repository scanning in 241 ms. Found 9 JPA repository interfaces.
2026-05-23 18:08:12 - HHH000204: Processing PersistenceUnitInfo [name: default]
2026-05-23 18:08:13 - HHH000412: Hibernate ORM core version 6.3.1.Final
2026-05-23 18:08:13 - HHH000026: Second-level cache disabled
2026-05-23 18:08:14 - No LoadTimeWeaver setup: ignoring JPA class transformer
2026-05-23 18:08:14 - HikariPool-1 - Starting...
2026-05-23 18:08:15 - HikariPool-1 - Added connection conn0: url=jdbc:h2:mem:testdb user=SA
2026-05-23 18:08:15 - HikariPool-1 - Start completed.
2026-05-23 18:08:15 - HHH90000025: H2Dialect does not need to be specified explicitly using 'hibernate.dialect' (remove the property setting and it will be selected by default)
2026-05-23 18:08:17 - HHH000489: No JTA platform available (set 'hibernate.transaction.jta.platform' to enable JTA platform integration)
Hibernate: 
    drop table if exists products cascade 
Hibernate: 
    drop table if exists receipts cascade 
Hibernate: 
    drop table if exists sale_items cascade 
Hibernate: 
    drop table if exists sales cascade 
Hibernate: 
    drop table if exists stock_movements cascade 
Hibernate: 
    drop table if exists sync_conflicts cascade 
Hibernate: 
    drop table if exists sync_logs cascade 
Hibernate: 
    drop table if exists user_roles cascade 
Hibernate: 
    drop table if exists users cascade 
Hibernate: 
    create table products (
        expiry_date date,
        is_active boolean,
        manufacturing_date date,
        min_stock_level integer,
        purchase_price numeric(10,2),
        selling_price numeric(10,2),
        stock_quantity integer,
        created_at timestamp(6),
        created_by bigint,
        id bigint generated by default as identity,
        updated_at timestamp(6),
        barcode varchar(50) unique,
        category varchar(255),
        description varchar(255),
        image_url varchar(255),
        name varchar(255),
        unit varchar(255),
        primary key (id)
    )
Hibernate: 
    create table receipts (
        discount_amount numeric(10,2),
        download_count integer,
        final_amount numeric(10,2),
        tax_amount numeric(10,2),
        total_amount numeric(10,2),
        created_at timestamp(6),
        downloaded_at timestamp(6),
        id bigint generated by default as identity,
        sale_id bigint not null,
        updated_at timestamp(6),
        user_id bigint not null,
        receipt_number varchar(50) unique,
        company_address varchar(255),
        company_email varchar(255),
        company_logo_url varchar(255),
        company_name varchar(255),
        company_phone varchar(255),
        customer_email varchar(255),
        customer_name varchar(255),
        customer_phone varchar(255),
        notes TEXT,
        payment_method varchar(255) check (payment_method in ('CASH','CARD','MOBILE_MONEY','BANK_TRANSFER','CREDIT')),
        qr_code_data varchar(255),
        status varchar(255) check (status in ('GENERATED','SENT','DELIVERED','FAILED')),
        primary key (id)
    )
Hibernate: 
    create table sale_items (
        discount numeric(10,2),
        product_purchase_price numeric(10,2),
        quantity integer,
        subtotal numeric(10,2),
        unit_price numeric(10,2),
        id bigint generated by default as identity,
        product_id bigint not null,
        sale_id bigint not null,
        product_barcode varchar(255),
        product_name varchar(255),
        primary key (id)
    )
Hibernate: 
    create table sales (
        discount_amount numeric(10,2),
        final_amount numeric(10,2),
        tax_amount numeric(10,2),
        total_amount numeric(10,2),
        created_at timestamp(6),
        created_by bigint,
        id bigint generated by default as identity,
        sale_date timestamp(6),
        updated_at timestamp(6),
        customer_email varchar(255),
        customer_name varchar(255),
        customer_phone varchar(255),
        notes varchar(255),
        payment_method varchar(255) check (payment_method in ('CASH','CARD','MOBILE_MONEY','BANK_TRANSFER','CREDIT')),
        sale_number varchar(255) unique,
        status varchar(255) check (status in ('PENDING','COMPLETED','CANCELLED','REFUNDED')),
        primary key (id)
    )
Hibernate: 
    create table stock_movements (
        quantity integer not null,
        created_at timestamp(6),
        id bigint generated by default as identity,
        product_id bigint not null,
        updated_at timestamp(6),
        movement_type varchar(50),
        reason varchar(255),
        primary key (id)
    )
Hibernate: 
    create table sync_conflicts (
        local_version integer,
        server_version integer,
        created_at timestamp(6) not null,
        id bigint generated by default as identity,
        resolved_at timestamp(6),
        user_id bigint not null,
        conflict_type varchar(50),
        entity_type varchar(50) not null,
        resolution_strategy varchar(50),
        conflict_details TEXT,
        entity_id varchar(255) not null,
        local_data TEXT not null,
        resolved_by varchar(255),
        server_data TEXT not null,
        primary key (id)
    )
Hibernate: 
    create table sync_logs (
        conflict_count integer,
        error_count integer,
        operations_count integer,
        success_count integer,
        id bigint generated by default as identity,
        processing_time_ms bigint,
        timestamp timestamp(6) not null,
        app_version varchar(255),
        device_id varchar(255),
        sync_session_id varchar(255),
        sync_type varchar(255) not null,
        primary key (id)
    )
Hibernate: 
    create table user_roles (
        user_id bigint not null,
        roles varchar(255) check (roles in ('ROLE_USER','ROLE_ADMIN','ROLE_MODERATOR'))
    )
Hibernate: 
    create table users (
        enabled boolean not null,
        created_at timestamp(6),
        id bigint generated by default as identity,
        updated_at timestamp(6),
        email varchar(255) unique,
        first_name varchar(255),
        last_name varchar(255),
        password varchar(255),
        preferred_language varchar(255),
        username varchar(255) unique,
        primary key (id)
    )
Hibernate: 
    alter table if exists products 
       add constraint FKl0lce8i162ldn9n01t2a6lcix 
       foreign key (created_by) 
       references users
Hibernate: 
    alter table if exists receipts 
       add constraint FK5l7p2xatwtr8if8pwnra5jrq0 
       foreign key (sale_id) 
       references sales
Hibernate: 
    alter table if exists receipts 
       add constraint FK7t0uo7yxjck29e967rny84ky4 
       foreign key (user_id) 
       references users
Hibernate: 
    alter table if exists sale_items 
       add constraint FK8g0sjiqs7tg055o06p6wawu39 
       foreign key (product_id) 
       references products
Hibernate: 
    alter table if exists sale_items 
       add constraint FK7tcpbc5c5mpnm8fl2phl8ep7l 
       foreign key (sale_id) 
       references sales
Hibernate: 
    alter table if exists sales 
       add constraint FKhck7oc1oupp6pibt2tn2wge50 
       foreign key (created_by) 
       references users
Hibernate: 
    alter table if exists user_roles 
       add constraint FKhfh9dx7w3ubf1co1vdev94g3f 
       foreign key (user_id) 
       references users
2026-05-23 18:08:17 - Initialized JPA EntityManagerFactory for persistence unit 'default'
2026-05-23 18:08:19 - Hibernate is in classpath; If applicable, HQL parser will be used.
2026-05-23 18:08:24 - spring.jpa.open-in-view is enabled by default. Therefore, database queries may be performed during view rendering. Explicitly configure spring.jpa.open-in-view to disable this warning
2026-05-23 18:08:26 - Will secure any request with [org.springframework.security.web.session.DisableEncodeUrlFilter@2e1189ce, org.springframework.security.web.context.request.async.WebAsyncManagerIntegrationFilter@2aee0895, org.springframework.security.web.context.SecurityContextHolderFilter@7b47e0dd, org.springframework.security.web.header.HeaderWriterFilter@391c6239, org.springframework.web.filter.CorsFilter@27ed234f, org.springframework.security.web.authentication.logout.LogoutFilter@75d80b46, com.salesmanager.security.JwtAuthenticationFilter@501f21fe, org.springframework.security.web.savedrequest.RequestCacheAwareFilter@41288da3, org.springframework.security.web.servletapi.SecurityContextHolderAwareRequestFilter@40d572d3, org.springframework.security.web.authentication.AnonymousAuthenticationFilter@262717bf, org.springframework.security.web.session.SessionManagementFilter@22bd93ab, org.springframework.security.web.access.ExceptionTranslationFilter@698dd40c, org.springframework.security.web.access.intercept.AuthorizationFilter@2204dff6]
2026-05-23 18:08:27 - H2 console available at '/h2-console'. Database available at 'jdbc:h2:mem:testdb'
[GZIP_FILTER] Initialisé
2026-05-23 18:08:27 - Filter 'jwtAuthenticationFilter' configured for use
2026-05-23 18:08:27 - Initializing Spring TestDispatcherServlet ''
2026-05-23 18:08:27 - Initializing Servlet ''
2026-05-23 18:08:27 - Completed initialization in 2 ms
2026-05-23 18:08:27 - Started ProductBarcodeControllerTest in 21.603 seconds (process running for 24.985)
✅ Table RECEIPTS existe déjà
Hibernate: 
    select
        u1_0.id,
        u1_0.created_at,
        u1_0.email,
        u1_0.enabled,
        u1_0.first_name,
        u1_0.last_name,
        u1_0.password,
        u1_0.preferred_language,
        u1_0.updated_at,
        u1_0.username 
    from
        users u1_0 
    where
        u1_0.username=?
Hibernate: 
    insert 
    into
        users
        (created_at, email, enabled, first_name, last_name, password, preferred_language, updated_at, username, id) 
    values
        (?, ?, ?, ?, ?, ?, ?, ?, ?, default)
Hibernate: 
    insert 
    into
        user_roles
        (user_id, roles) 
    values
        (?, ?)
✅ Utilisateur admin créé avec succès !
   Username: admin
   Password: admin123
Hibernate: 
    select
        count(*) 
    from
        products p1_0
Hibernate: 
    insert 
    into
        products
        (barcode, category, created_at, created_by, description, expiry_date, image_url, is_active, manufacturing_date, min_stock_level, name, purchase_price, selling_price, stock_quantity, unit, updated_at, id) 
    values
        (?, ?, ?, ?, ?, ?, ?, ?, ?, ?, ?, ?, ?, ?, ?, ?, default)
Hibernate: 
    insert 
    into
        products
        (barcode, category, created_at, created_by, description, expiry_date, image_url, is_active, manufacturing_date, min_stock_level, name, purchase_price, selling_price, stock_quantity, unit, updated_at, id) 
    values
        (?, ?, ?, ?, ?, ?, ?, ?, ?, ?, ?, ?, ?, ?, ?, ?, default)
Hibernate: 
    insert 
    into
        products
        (barcode, category, created_at, created_by, description, expiry_date, image_url, is_active, manufacturing_date, min_stock_level, name, purchase_price, selling_price, stock_quantity, unit, updated_at, id) 
    values
        (?, ?, ?, ?, ?, ?, ?, ?, ?, ?, ?, ?, ?, ?, ?, ?, default)
Hibernate: 
    insert 
    into
        products
        (barcode, category, created_at, created_by, description, expiry_date, image_url, is_active, manufacturing_date, min_stock_level, name, purchase_price, selling_price, stock_quantity, unit, updated_at, id) 
    values
        (?, ?, ?, ?, ?, ?, ?, ?, ?, ?, ?, ?, ?, ?, ?, ?, default)
Hibernate: 
    insert 
    into
        products
        (barcode, category, created_at, created_by, description, expiry_date, image_url, is_active, manufacturing_date, min_stock_level, name, purchase_price, selling_price, stock_quantity, unit, updated_at, id) 
    values
        (?, ?, ?, ?, ?, ?, ?, ?, ?, ?, ?, ?, ?, ?, ?, ?, default)
Hibernate: 
    insert 
    into
        products
        (barcode, category, created_at, created_by, description, expiry_date, image_url, is_active, manufacturing_date, min_stock_level, name, purchase_price, selling_price, stock_quantity, unit, updated_at, id) 
    values
        (?, ?, ?, ?, ?, ?, ?, ?, ?, ?, ?, ?, ?, ?, ?, ?, default)
Hibernate: 
    insert 
    into
        products
        (barcode, category, created_at, created_by, description, expiry_date, image_url, is_active, manufacturing_date, min_stock_level, name, purchase_price, selling_price, stock_quantity, unit, updated_at, id) 
    values
        (?, ?, ?, ?, ?, ?, ?, ?, ?, ?, ?, ?, ?, ?, ?, ?, default)
✅ 7 produits de démonstration créés !
Hibernate: 
    select
        count(*) 
    from
        sales s1_0
Hibernate: 
    insert 
    into
        sales
        (created_at, created_by, customer_email, customer_name, customer_phone, discount_amount, final_amount, notes, payment_method, sale_date, sale_number, status, tax_amount, total_amount, updated_at, id) 
    values
        (?, ?, ?, ?, ?, ?, ?, ?, ?, ?, ?, ?, ?, ?, ?, default)
Hibernate: 
    insert 
    into
        sale_items
        (discount, product_id, product_barcode, product_name, product_purchase_price, quantity, sale_id, subtotal, unit_price, id) 
    values
        (?, ?, ?, ?, ?, ?, ?, ?, ?, default)
Hibernate: 
    insert 
    into
        sale_items
        (discount, product_id, product_barcode, product_name, product_purchase_price, quantity, sale_id, subtotal, unit_price, id) 
    values
        (?, ?, ?, ?, ?, ?, ?, ?, ?, default)
Hibernate: 
    insert 
    into
        sales
        (created_at, created_by, customer_email, customer_name, customer_phone, discount_amount, final_amount, notes, payment_method, sale_date, sale_number, status, tax_amount, total_amount, updated_at, id) 
    values
        (?, ?, ?, ?, ?, ?, ?, ?, ?, ?, ?, ?, ?, ?, ?, default)
Hibernate: 
    insert 
    into
        sale_items
        (discount, product_id, product_barcode, product_name, product_purchase_price, quantity, sale_id, subtotal, unit_price, id) 
    values
        (?, ?, ?, ?, ?, ?, ?, ?, ?, default)
Hibernate: 
    insert 
    into
        sales
        (created_at, created_by, customer_email, customer_name, customer_phone, discount_amount, final_amount, notes, payment_method, sale_date, sale_number, status, tax_amount, total_amount, updated_at, id) 
    values
        (?, ?, ?, ?, ?, ?, ?, ?, ?, ?, ?, ?, ?, ?, ?, default)
Hibernate: 
    insert 
    into
        sale_items
        (discount, product_id, product_barcode, product_name, product_purchase_price, quantity, sale_id, subtotal, unit_price, id) 
    values
        (?, ?, ?, ?, ?, ?, ?, ?, ?, default)
Hibernate: 
    insert 
    into
        sale_items
        (discount, product_id, product_barcode, product_name, product_purchase_price, quantity, sale_id, subtotal, unit_price, id) 
    values
        (?, ?, ?, ?, ?, ?, ?, ?, ?, default)
✅ 3 ventes de démonstration créées avec 5 articles !
Hibernate: 
    select
        p1_0.id,
        p1_0.barcode,
        p1_0.category,
        p1_0.created_at,
        p1_0.created_by,
        p1_0.description,
        p1_0.expiry_date,
        p1_0.image_url,
        p1_0.is_active,
        p1_0.manufacturing_date,
        p1_0.min_stock_level,
        p1_0.name,
        p1_0.purchase_price,
        p1_0.selling_price,
        p1_0.stock_quantity,
        p1_0.unit,
        p1_0.updated_at 
    from
        products p1_0 
    where
        p1_0.barcode=?
Hibernate: 
    select
        u1_0.id,
        u1_0.created_at,
        u1_0.email,
        u1_0.enabled,
        u1_0.first_name,
        u1_0.last_name,
        u1_0.password,
        u1_0.preferred_language,
        u1_0.updated_at,
        u1_0.username 
    from
        users u1_0 
    where
        u1_0.username=?
Hibernate: 
    select
        r1_0.user_id,
        r1_0.roles 
    from
        user_roles r1_0 
    where
        r1_0.user_id=?
Hibernate: 
    insert 
    into
        products
        (barcode, category, created_at, created_by, description, expiry_date, image_url, is_active, manufacturing_date, min_stock_level, name, purchase_price, selling_price, stock_quantity, unit, updated_at, id) 
    values
        (?, ?, ?, ?, ?, ?, ?, ?, ?, ?, ?, ?, ?, ?, ?, ?, default)
2026-05-23 18:08:29 - Securing GET /api/v1/products/barcode/6194001234567
2026-05-23 18:08:29 - Secured GET /api/v1/products/barcode/6194001234567
2026-05-23 18:08:29 - Authorizing method invocation ReflectiveMethodInvocation: public org.springframework.http.ResponseEntity com.salesmanager.controller.ProductBarcodeController.findByBarcode(java.lang.String,java.util.Locale); target is of class [com.salesmanager.controller.ProductBarcodeController]
2026-05-23 18:08:30 - Authorized method invocation ReflectiveMethodInvocation: public org.springframework.http.ResponseEntity com.salesmanager.controller.ProductBarcodeController.findByBarcode(java.lang.String,java.util.Locale); target is of class [com.salesmanager.controller.ProductBarcodeController]
Hibernate: 
    select
        p1_0.id,
        p1_0.barcode,
        p1_0.category,
        p1_0.created_at,
        p1_0.created_by,
        p1_0.description,
        p1_0.expiry_date,
        p1_0.image_url,
        p1_0.is_active,
        p1_0.manufacturing_date,
        p1_0.min_stock_level,
        p1_0.name,
        p1_0.purchase_price,
        p1_0.selling_price,
        p1_0.stock_quantity,
        p1_0.unit,
        p1_0.updated_at 
    from
        products p1_0 
    where
        p1_0.barcode=? 
        and p1_0.is_active
]]></system-out>
  </testcase>
  <testcase name="findByBarcode_unknown_returnsNotFoundApiResponse" classname="com.salesmanager.controller.ProductBarcodeControllerTest" time="0.063">
    <system-out><![CDATA[Hibernate: 
    select
        p1_0.id,
        p1_0.barcode,
        p1_0.category,
        p1_0.created_at,
        p1_0.created_by,
        p1_0.description,
        p1_0.expiry_date,
        p1_0.image_url,
        p1_0.is_active,
        p1_0.manufacturing_date,
        p1_0.min_stock_level,
        p1_0.name,
        p1_0.purchase_price,
        p1_0.selling_price,
        p1_0.stock_quantity,
        p1_0.unit,
        p1_0.updated_at 
    from
        products p1_0 
    where
        p1_0.barcode=?
2026-05-23 18:08:30 - Securing GET /api/v1/products/barcode/0000000000000
2026-05-23 18:08:30 - Secured GET /api/v1/products/barcode/0000000000000
2026-05-23 18:08:30 - Authorizing method invocation ReflectiveMethodInvocation: public org.springframework.http.ResponseEntity com.salesmanager.controller.ProductBarcodeController.findByBarcode(java.lang.String,java.util.Locale); target is of class [com.salesmanager.controller.ProductBarcodeController]
2026-05-23 18:08:30 - Authorized method invocation ReflectiveMethodInvocation: public org.springframework.http.ResponseEntity com.salesmanager.controller.ProductBarcodeController.findByBarcode(java.lang.String,java.util.Locale); target is of class [com.salesmanager.controller.ProductBarcodeController]
Hibernate: 
    select
        p1_0.id,
        p1_0.barcode,
        p1_0.category,
        p1_0.created_at,
        p1_0.created_by,
        p1_0.description,
        p1_0.expiry_date,
        p1_0.image_url,
        p1_0.is_active,
        p1_0.manufacturing_date,
        p1_0.min_stock_level,
        p1_0.name,
        p1_0.purchase_price,
        p1_0.selling_price,
        p1_0.stock_quantity,
        p1_0.unit,
        p1_0.updated_at 
    from
        products p1_0 
    where
        p1_0.barcode=? 
        and p1_0.is_active
]]></system-out>
  </testcase>
</testsuite>